[2026-07-01T15:52:27.099+0000] {local_task_job_runner.py:123} INFO - ::group::Pre task execution logs
[2026-07-01T15:52:27.102+0000] {taskinstance.py:2612} INFO - Dependencies all met for dep_context=non-requeueable deps ti=<TaskInstance: weather_etl_pipeline.run_weather_etl scheduled__2026-07-01T15:51:00+00:00 [queued]>
[2026-07-01T15:52:27.104+0000] {taskinstance.py:2612} INFO - Dependencies all met for dep_context=requeueable deps ti=<TaskInstance: weather_etl_pipeline.run_weather_etl scheduled__2026-07-01T15:51:00+00:00 [queued]>
[2026-07-01T15:52:27.104+0000] {taskinstance.py:2865} INFO - Starting attempt 1 of 2
[2026-07-01T15:52:27.109+0000] {taskinstance.py:2888} INFO - Executing <Task(PythonOperator): run_weather_etl> on 2026-07-01 15:51:00+00:00
[2026-07-01T15:52:27.114+0000] {standard_task_runner.py:104} INFO - Running: ['airflow', 'tasks', 'run', 'weather_etl_pipeline', 'run_weather_etl', 'scheduled__2026-07-01T15:51:00+00:00', '--job-id', '3', '--raw', '--subdir', 'DAGS_FOLDER/weather_etl.py', '--cfg-path', '/tmp/tmpm4egqoqz']
[2026-07-01T15:52:27.115+0000] {standard_task_runner.py:105} INFO - Job 3: Subtask run_weather_etl
[2026-07-01T15:52:27.115+0000] {logging_mixin.py:190} WARNING - /home/airflow/.local/lib/python3.12/site-packages/airflow/task/task_runner/standard_task_runner.py:70 DeprecationWarning: This process (pid=91) is multi-threaded, use of fork() may lead to deadlocks in the child.
[2026-07-01T15:52:27.116+0000] {standard_task_runner.py:72} INFO - Started process 100 to run task
[2026-07-01T15:52:27.142+0000] {task_command.py:467} INFO - Running <TaskInstance: weather_etl_pipeline.run_weather_etl scheduled__2026-07-01T15:51:00+00:00 [running]> on host b105d73ea669
[2026-07-01T15:52:27.168+0000] {taskinstance.py:3131} INFO - Exporting env vars: AIRFLOW_CTX_DAG_OWNER='sanchit' AIRFLOW_CTX_DAG_ID='weather_etl_pipeline' AIRFLOW_CTX_TASK_ID='run_weather_etl' AIRFLOW_CTX_EXECUTION_DATE='2026-07-01T15:51:00+00:00' AIRFLOW_CTX_TRY_NUMBER='1' AIRFLOW_CTX_DAG_RUN_ID='scheduled__2026-07-01T15:51:00+00:00'
[2026-07-01T15:52:27.168+0000] {taskinstance.py:731} INFO - ::endgroup::
[2026-07-01T15:52:27.183+0000] {etl_pipeline.py:9} INFO - Starting ETL Pipeline
[2026-07-01T15:52:27.183+0000] {extract.py:8} INFO - Fetching weather data from API...
[2026-07-01T15:52:27.795+0000] {extract.py:13} INFO - Weather data fetched successfully.
[2026-07-01T15:52:27.796+0000] {etl_pipeline.py:13} INFO - Weather fetched successfully
[2026-07-01T15:52:27.797+0000] {transform.py:10} INFO - Transforming weather data...
[2026-07-01T15:52:27.801+0000] {transform.py:23} INFO - Transformation completed successfully.
[2026-07-01T15:52:27.802+0000] {etl_pipeline.py:17} INFO - Data transformed successfully
[2026-07-01T15:52:27.811+0000] {load.py:17} INFO - CSV saved successfully at /opt/airflow/data/weather.csv
[2026-07-01T15:52:27.812+0000] {etl_pipeline.py:21} INFO - CSV generated
[2026-07-01T15:52:27.835+0000] {load.py:47} INFO - Data loaded into PostgreSQL successfully!
[2026-07-01T15:52:27.836+0000] {etl_pipeline.py:25} INFO - Data loaded into PostgreSQL
[2026-07-01T15:52:27.836+0000] {etl_pipeline.py:27} INFO - Pipeline completed successfully
[2026-07-01T15:52:27.836+0000] {python.py:240} INFO - Done. Returned value was: None
[2026-07-01T15:52:27.840+0000] {taskinstance.py:340} INFO - ::group::Post task execution logs
[2026-07-01T15:52:27.841+0000] {taskinstance.py:352} INFO - Marking task as SUCCESS. dag_id=weather_etl_pipeline, task_id=run_weather_etl, run_id=scheduled__2026-07-01T15:51:00+00:00, execution_date=20260701T155100, start_date=20260701T155227, end_date=20260701T155227
[2026-07-01T15:52:27.848+0000] {local_task_job_runner.py:266} INFO - Task exited with return code 0
[2026-07-01T15:52:27.853+0000] {taskinstance.py:3900} INFO - 0 downstream tasks scheduled from follow-on schedule check
[2026-07-01T15:52:27.854+0000] {local_task_job_runner.py:245} INFO - ::endgroup::
