[2026-07-01T15:26:46.435+0000] {manager.py:483} INFO - Processing files using up to 1 processes at a time 
[2026-07-01T15:26:46.436+0000] {manager.py:484} INFO - Process each file at most once every 30 seconds
[2026-07-01T15:26:46.438+0000] {manager.py:485} INFO - Checking for new files in /opt/airflow/dags every 300 seconds
[2026-07-01T15:26:46.438+0000] {manager.py:821} INFO - Searching for files in /opt/airflow/dags
[2026-07-01T15:26:46.440+0000] {manager.py:824} INFO - There are 1 files in /opt/airflow/dags
[2026-07-01T15:26:47.996+0000] {manager.py:997} INFO - 
================================================================================
DAG File Processing Stats

File Path                         PID    Runtime      # DAGs    # Errors  Last Runtime    Last Run               Last # of DB Queries
--------------------------------  -----  ---------  --------  ----------  --------------  -------------------  ----------------------
/opt/airflow/dags/weather_etl.py                           1           0  1.52s           2026-07-01T15:26:47                      45
================================================================================
[2026-07-01T15:27:19.309+0000] {manager.py:997} INFO - 
================================================================================
DAG File Processing Stats

File Path                         PID    Runtime      # DAGs    # Errors  Last Runtime    Last Run               Last # of DB Queries
--------------------------------  -----  ---------  --------  ----------  --------------  -------------------  ----------------------
/opt/airflow/dags/weather_etl.py                           1           0  0.63s           2026-07-01T15:27:19                      12
================================================================================
[2026-07-01T15:27:50.502+0000] {manager.py:997} INFO - 
================================================================================
DAG File Processing Stats

File Path                         PID    Runtime      # DAGs    # Errors  Last Runtime    Last Run               Last # of DB Queries
--------------------------------  -----  ---------  --------  ----------  --------------  -------------------  ----------------------
/opt/airflow/dags/weather_etl.py                           1           0  0.52s           2026-07-01T15:27:50                      12
================================================================================
[2026-07-01T15:28:21.832+0000] {manager.py:997} INFO - 
================================================================================
DAG File Processing Stats

File Path                         PID    Runtime      # DAGs    # Errors  Last Runtime    Last Run               Last # of DB Queries
--------------------------------  -----  ---------  --------  ----------  --------------  -------------------  ----------------------
/opt/airflow/dags/weather_etl.py                           1           0  0.51s           2026-07-01T15:28:21                      12
================================================================================
[2026-07-01T15:28:53.048+0000] {manager.py:997} INFO - 
================================================================================
DAG File Processing Stats

File Path                         PID    Runtime      # DAGs    # Errors  Last Runtime    Last Run               Last # of DB Queries
--------------------------------  -----  ---------  --------  ----------  --------------  -------------------  ----------------------
/opt/airflow/dags/weather_etl.py                           1           0  0.53s           2026-07-01T15:28:53                      12
================================================================================
[2026-07-01T15:29:23.794+0000] {manager.py:997} INFO - 
================================================================================
DAG File Processing Stats

File Path                         PID    Runtime      # DAGs    # Errors  Last Runtime    Last Run               Last # of DB Queries
--------------------------------  -----  ---------  --------  ----------  --------------  -------------------  ----------------------
/opt/airflow/dags/weather_etl.py                           1           0  0.44s           2026-07-01T15:29:23                      12
================================================================================
[2026-07-01T15:29:54.620+0000] {manager.py:997} INFO - 
================================================================================
DAG File Processing Stats

File Path                         PID    Runtime      # DAGs    # Errors  Last Runtime    Last Run               Last # of DB Queries
--------------------------------  -----  ---------  --------  ----------  --------------  -------------------  ----------------------
/opt/airflow/dags/weather_etl.py                           1           0  0.53s           2026-07-01T15:29:54                      12
================================================================================
[2026-07-01T15:30:25.522+0000] {manager.py:997} INFO - 
================================================================================
DAG File Processing Stats

File Path                         PID    Runtime      # DAGs    # Errors  Last Runtime    Last Run               Last # of DB Queries
--------------------------------  -----  ---------  --------  ----------  --------------  -------------------  ----------------------
/opt/airflow/dags/weather_etl.py                           1           0  0.62s           2026-07-01T15:30:25                      12
================================================================================
[2026-07-01T15:30:56.377+0000] {manager.py:997} INFO - 
================================================================================
DAG File Processing Stats

File Path                         PID    Runtime      # DAGs    # Errors  Last Runtime    Last Run               Last # of DB Queries
--------------------------------  -----  ---------  --------  ----------  --------------  -------------------  ----------------------
/opt/airflow/dags/weather_etl.py                           1           0  0.43s           2026-07-01T15:30:56                      12
================================================================================
[2026-07-01T15:31:27.102+0000] {manager.py:997} INFO - 
================================================================================
DAG File Processing Stats

File Path                         PID    Runtime      # DAGs    # Errors  Last Runtime    Last Run               Last # of DB Queries
--------------------------------  -----  ---------  --------  ----------  --------------  -------------------  ----------------------
/opt/airflow/dags/weather_etl.py                           1           0  0.42s           2026-07-01T15:31:27                      12
================================================================================
[2026-07-01T15:31:46.589+0000] {manager.py:821} INFO - Searching for files in /opt/airflow/dags
[2026-07-01T15:31:46.593+0000] {manager.py:824} INFO - There are 1 files in /opt/airflow/dags
[2026-07-01T15:31:58.028+0000] {manager.py:997} INFO - 
================================================================================
DAG File Processing Stats

File Path                         PID    Runtime      # DAGs    # Errors  Last Runtime    Last Run               Last # of DB Queries
--------------------------------  -----  ---------  --------  ----------  --------------  -------------------  ----------------------
/opt/airflow/dags/weather_etl.py                           1           0  0.54s           2026-07-01T15:31:58                      12
================================================================================
[2026-07-01T15:32:28.601+0000] {manager.py:997} INFO - 
================================================================================
DAG File Processing Stats

File Path                         PID    Runtime      # DAGs    # Errors  Last Runtime    Last Run               Last # of DB Queries
--------------------------------  -----  ---------  --------  ----------  --------------  -------------------  ----------------------
/opt/airflow/dags/weather_etl.py                           1           0  0.42s           2026-07-01T15:32:28                      12
================================================================================
[2026-07-01T15:32:59.015+0000] {manager.py:997} INFO - 
================================================================================
DAG File Processing Stats

File Path                         PID    Runtime      # DAGs    # Errors  Last Runtime    Last Run               Last # of DB Queries
--------------------------------  -----  ---------  --------  ----------  --------------  -------------------  ----------------------
/opt/airflow/dags/weather_etl.py                           1           0  0.31s           2026-07-01T15:32:59                      12
================================================================================
[2026-07-01T15:33:25.829+0000] {manager.py:483} INFO - Processing files using up to 1 processes at a time 
[2026-07-01T15:33:25.829+0000] {manager.py:484} INFO - Process each file at most once every 30 seconds
[2026-07-01T15:33:25.830+0000] {manager.py:485} INFO - Checking for new files in /opt/airflow/dags every 300 seconds
[2026-07-01T15:33:25.830+0000] {manager.py:821} INFO - Searching for files in /opt/airflow/dags
[2026-07-01T15:33:25.832+0000] {manager.py:824} INFO - There are 1 files in /opt/airflow/dags
[2026-07-01T15:33:26.879+0000] {manager.py:997} INFO - 
================================================================================
DAG File Processing Stats

File Path                         PID    Runtime      # DAGs    # Errors  Last Runtime    Last Run               Last # of DB Queries
--------------------------------  -----  ---------  --------  ----------  --------------  -------------------  ----------------------
/opt/airflow/dags/weather_etl.py                           1           0  1.02s           2026-07-01T15:33:26                      45
================================================================================
[2026-07-01T15:33:57.540+0000] {manager.py:997} INFO - 
================================================================================
DAG File Processing Stats

File Path                         PID    Runtime      # DAGs    # Errors  Last Runtime    Last Run               Last # of DB Queries
--------------------------------  -----  ---------  --------  ----------  --------------  -------------------  ----------------------
/opt/airflow/dags/weather_etl.py                           1           0  0.53s           2026-07-01T15:33:57                      12
================================================================================
[2026-07-01T15:34:28.761+0000] {manager.py:997} INFO - 
================================================================================
DAG File Processing Stats

File Path                         PID    Runtime      # DAGs    # Errors  Last Runtime    Last Run               Last # of DB Queries
--------------------------------  -----  ---------  --------  ----------  --------------  -------------------  ----------------------
/opt/airflow/dags/weather_etl.py                           1           0  0.52s           2026-07-01T15:34:28                      12
================================================================================
[2026-07-01T15:35:00.091+0000] {manager.py:997} INFO - 
================================================================================
DAG File Processing Stats

File Path                         PID    Runtime      # DAGs    # Errors  Last Runtime    Last Run               Last # of DB Queries
--------------------------------  -----  ---------  --------  ----------  --------------  -------------------  ----------------------
/opt/airflow/dags/weather_etl.py                           1           0  0.51s           2026-07-01T15:35:00                      12
================================================================================
[2026-07-01T15:35:31.367+0000] {manager.py:997} INFO - 
================================================================================
DAG File Processing Stats

File Path                         PID    Runtime      # DAGs    # Errors  Last Runtime    Last Run               Last # of DB Queries
--------------------------------  -----  ---------  --------  ----------  --------------  -------------------  ----------------------
/opt/airflow/dags/weather_etl.py                           1           0  0.43s           2026-07-01T15:35:31                      12
================================================================================
[2026-07-01T15:36:02.613+0000] {manager.py:997} INFO - 
================================================================================
DAG File Processing Stats

File Path                         PID    Runtime      # DAGs    # Errors  Last Runtime    Last Run               Last # of DB Queries
--------------------------------  -----  ---------  --------  ----------  --------------  -------------------  ----------------------
/opt/airflow/dags/weather_etl.py                           1           0  0.52s           2026-07-01T15:36:02                      12
================================================================================
[2026-07-01T15:36:33.332+0000] {manager.py:997} INFO - 
================================================================================
DAG File Processing Stats

File Path                         PID    Runtime      # DAGs    # Errors  Last Runtime    Last Run               Last # of DB Queries
--------------------------------  -----  ---------  --------  ----------  --------------  -------------------  ----------------------
/opt/airflow/dags/weather_etl.py                           1           0  0.42s           2026-07-01T15:36:33                      12
================================================================================
[2026-07-01T15:51:42.238+0000] {manager.py:483} INFO - Processing files using up to 1 processes at a time 
[2026-07-01T15:51:42.239+0000] {manager.py:484} INFO - Process each file at most once every 30 seconds
[2026-07-01T15:51:42.239+0000] {manager.py:485} INFO - Checking for new files in /opt/airflow/dags every 300 seconds
[2026-07-01T15:51:42.239+0000] {manager.py:821} INFO - Searching for files in /opt/airflow/dags
[2026-07-01T15:51:42.244+0000] {manager.py:824} INFO - There are 1 files in /opt/airflow/dags
[2026-07-01T15:51:43.287+0000] {manager.py:997} INFO - 
================================================================================
DAG File Processing Stats

File Path                         PID    Runtime      # DAGs    # Errors  Last Runtime    Last Run               Last # of DB Queries
--------------------------------  -----  ---------  --------  ----------  --------------  -------------------  ----------------------
/opt/airflow/dags/weather_etl.py                           1           0  1.02s           2026-07-01T15:51:43                      45
================================================================================
[2026-07-01T15:52:13.965+0000] {manager.py:997} INFO - 
================================================================================
DAG File Processing Stats

File Path                         PID    Runtime      # DAGs    # Errors  Last Runtime    Last Run               Last # of DB Queries
--------------------------------  -----  ---------  --------  ----------  --------------  -------------------  ----------------------
/opt/airflow/dags/weather_etl.py                           1           0  0.52s           2026-07-01T15:52:13                      12
================================================================================
[2026-07-01T15:52:44.713+0000] {manager.py:997} INFO - 
================================================================================
DAG File Processing Stats

File Path                         PID    Runtime      # DAGs    # Errors  Last Runtime    Last Run               Last # of DB Queries
--------------------------------  -----  ---------  --------  ----------  --------------  -------------------  ----------------------
/opt/airflow/dags/weather_etl.py                           1           0  0.42s           2026-07-01T15:52:44                      12
================================================================================
