[2026-07-01T15:52:29.560+0000] {local_task_job_runner.py:123} INFO - ::group::Pre task execution logs
[2026-07-01T15:52:29.563+0000] {taskinstance.py:2612} INFO - Dependencies all met for dep_context=non-requeueable deps ti=<TaskInstance: weather_etl_pipeline.run_weather_etl manual__2026-07-01T15:52:25.257472+00:00 [queued]>
[2026-07-01T15:52:29.565+0000] {taskinstance.py:2612} INFO - Dependencies all met for dep_context=requeueable deps ti=<TaskInstance: weather_etl_pipeline.run_weather_etl manual__2026-07-01T15:52:25.257472+00:00 [queued]>
[2026-07-01T15:52:29.565+0000] {taskinstance.py:2865} INFO - Starting attempt 1 of 2
[2026-07-01T15:52:29.569+0000] {taskinstance.py:2888} INFO - Executing <Task(PythonOperator): run_weather_etl> on 2026-07-01 15:52:25.257472+00:00
[2026-07-01T15:52:29.573+0000] {standard_task_runner.py:104} INFO - Running: ['airflow', 'tasks', 'run', 'weather_etl_pipeline', 'run_weather_etl', 'manual__2026-07-01T15:52:25.257472+00:00', '--job-id', '4', '--raw', '--subdir', 'DAGS_FOLDER/weather_etl.py', '--cfg-path', '/tmp/tmpwa3vxsla']
[2026-07-01T15:52:29.574+0000] {standard_task_runner.py:105} INFO - Job 4: Subtask run_weather_etl
[2026-07-01T15:52:29.574+0000] {logging_mixin.py:190} WARNING - /home/airflow/.local/lib/python3.12/site-packages/airflow/task/task_runner/standard_task_runner.py:70 DeprecationWarning: This process (pid=102) is multi-threaded, use of fork() may lead to deadlocks in the child.
[2026-07-01T15:52:29.575+0000] {standard_task_runner.py:72} INFO - Started process 111 to run task
[2026-07-01T15:52:29.586+0000] {task_command.py:467} INFO - Running <TaskInstance: weather_etl_pipeline.run_weather_etl manual__2026-07-01T15:52:25.257472+00:00 [running]> on host b105d73ea669
[2026-07-01T15:52:29.608+0000] {taskinstance.py:3131} INFO - Exporting env vars: AIRFLOW_CTX_DAG_OWNER='sanchit' AIRFLOW_CTX_DAG_ID='weather_etl_pipeline' AIRFLOW_CTX_TASK_ID='run_weather_etl' AIRFLOW_CTX_EXECUTION_DATE='2026-07-01T15:52:25.257472+00:00' AIRFLOW_CTX_TRY_NUMBER='1' AIRFLOW_CTX_DAG_RUN_ID='manual__2026-07-01T15:52:25.257472+00:00'
[2026-07-01T15:52:29.608+0000] {taskinstance.py:731} INFO - ::endgroup::
[2026-07-01T15:52:29.613+0000] {etl_pipeline.py:9} INFO - Starting ETL Pipeline
[2026-07-01T15:52:29.613+0000] {extract.py:8} INFO - Fetching weather data from API...
[2026-07-01T15:52:30.193+0000] {extract.py:13} INFO - Weather data fetched successfully.
[2026-07-01T15:52:30.194+0000] {etl_pipeline.py:13} INFO - Weather fetched successfully
[2026-07-01T15:52:30.195+0000] {transform.py:10} INFO - Transforming weather data...
[2026-07-01T15:52:30.198+0000] {transform.py:23} INFO - Transformation completed successfully.
[2026-07-01T15:52:30.198+0000] {etl_pipeline.py:17} INFO - Data transformed successfully
[2026-07-01T15:52:30.202+0000] {load.py:17} INFO - CSV saved successfully at /opt/airflow/data/weather.csv
[2026-07-01T15:52:30.202+0000] {etl_pipeline.py:21} INFO - CSV generated
[2026-07-01T15:52:30.211+0000] {load.py:47} INFO - Data loaded into PostgreSQL successfully!
[2026-07-01T15:52:30.211+0000] {etl_pipeline.py:25} INFO - Data loaded into PostgreSQL
[2026-07-01T15:52:30.211+0000] {etl_pipeline.py:27} INFO - Pipeline completed successfully
[2026-07-01T15:52:30.212+0000] {python.py:240} INFO - Done. Returned value was: None
[2026-07-01T15:52:30.216+0000] {taskinstance.py:340} INFO - ::group::Post task execution logs
[2026-07-01T15:52:30.216+0000] {taskinstance.py:352} INFO - Marking task as SUCCESS. dag_id=weather_etl_pipeline, task_id=run_weather_etl, run_id=manual__2026-07-01T15:52:25.257472+00:00, execution_date=20260701T155225, start_date=20260701T155229, end_date=20260701T155230
[2026-07-01T15:52:30.269+0000] {local_task_job_runner.py:266} INFO - Task exited with return code 0
[2026-07-01T15:52:30.278+0000] {taskinstance.py:3900} INFO - 0 downstream tasks scheduled from follow-on schedule check
[2026-07-01T15:52:30.278+0000] {local_task_job_runner.py:245} INFO - ::endgroup::
